<?xml version="1.0" encoding="UTF-8"?>
<!-- Generated by org.testng.reporters.JUnitReportReporter -->
<testsuite hostname="Akshata" failures="0" tests="1" name="tutorialsninja.register.TC_RF_007" time="7.465" errors="0" timestamp="2025-07-29T20:20:50 IST" skipped="0">
  <testcase classname="tutorialsninja.register.TC_RF_007" name="VerifingDifferentWaysToNavigateToRegisterPage" time="7.465"/>
</testsuite> <!-- tutorialsninja.register.TC_RF_007 -->
