<?xml version="1.0" encoding="UTF-8"?>
<!-- Generated by org.testng.reporters.JUnitReportReporter -->
<testsuite hostname="Akshata" failures="0" tests="1" name="tutorialsninja.register.TC_RF_001" time="11.545" errors="0" timestamp="2025-07-25T21:22:27 IST" skipped="0">
  <testcase classname="tutorialsninja.register.TC_RF_001" name="verifyRegisterWithMandatoryFields" time="11.545"/>
</testsuite> <!-- tutorialsninja.register.TC_RF_001 -->
