<?xml version="1.0" encoding="UTF-8"?>
<!-- Generated by org.testng.reporters.JUnitReportReporter -->
<testsuite hostname="AkshataPotale" failures="0" tests="1" name="tutorialsninja.register.TC_RF_019" time="10.224" errors="0" timestamp="2025-08-08T15:06:31 IST" skipped="0">
  <testcase classname="tutorialsninja.register.TC_RF_019" name="verifyLeadingAndTrailingSpacesWhileRegisteringAccount" time="10.224"/>
</testsuite> <!-- tutorialsninja.register.TC_RF_019 -->
