<?xml version="1.0" encoding="UTF-8"?>
<!-- Generated by org.testng.reporters.JUnitReportReporter -->
<testsuite hostname="AkshataPotale" failures="0" tests="1" name="tutorialsninja.register.TC_RF_013" time="4.140" errors="0" timestamp="2025-07-30T16:08:22 IST" skipped="0">
  <testcase classname="tutorialsninja.register.TC_RF_013" name="verifyPlaceHoldersOfTextFieldsInRegisterAccountPage" time="4.140"/>
</testsuite> <!-- tutorialsninja.register.TC_RF_013 -->
