<?xml version="1.0" encoding="UTF-8"?>
<!-- Generated by org.testng.reporters.JUnitReportReporter -->
<testsuite hostname="Akshata" failures="0" tests="1" name="tutorialsninja.register.TC_RF_009" time="5.832" errors="0" timestamp="2025-07-29T20:44:06 IST" skipped="0">
  <testcase classname="tutorialsninja.register.TC_RF_009" name="verifyRegisteringAccountByEnteringExistingEmail" time="5.832"/>
</testsuite> <!-- tutorialsninja.register.TC_RF_009 -->
