<?xml version="1.0" encoding="UTF-8"?>
<!-- Generated by org.testng.reporters.JUnitReportReporter -->
<testsuite hostname="AkshataPotale" failures="0" tests="1" name="tutorialsninja.register.TC_RF_012" time="20.064" errors="0" timestamp="2025-08-21T16:32:13 IST" skipped="0">
  <testcase classname="tutorialsninja.register.TC_RF_012" name="verifyRegisteringAccountUsingKeyboardKeys" time="20.064"/>
</testsuite> <!-- tutorialsninja.register.TC_RF_012 -->
