<?xml version="1.0" encoding="UTF-8"?>
<!-- Generated by org.testng.reporters.JUnitReportReporter -->
<testsuite hostname="AkshataPotale" failures="0" tests="1" name="tutorialsninja.register.TC_RF_022" time="4.302" errors="0" timestamp="2025-08-06T17:49:46 IST" skipped="0">
  <testcase classname="tutorialsninja.register.TC_RF_022" name="verifyVisibilityTogglingOfPasswordFieldsOnRegisterAccount" time="4.302"/>
</testsuite> <!-- tutorialsninja.register.TC_RF_022 -->
