<?xml version="1.0" encoding="UTF-8"?>
<!-- Generated by org.testng.reporters.JUnitReportReporter -->
<testsuite hostname="AkshataPotale" failures="0" tests="1" name="tutorialsninja.register.TC_RF_003" time="6.645" errors="0" timestamp="2025-08-21T17:11:43 IST" skipped="0">
  <testcase classname="tutorialsninja.register.TC_RF_003" name="verifyRegisterAccountWithAllMandatoryFields" time="6.645"/>
</testsuite> <!-- tutorialsninja.register.TC_RF_003 -->
