<?xml version="1.0" encoding="UTF-8"?>
<!-- Generated by org.testng.reporters.JUnitReportReporter -->
<testsuite hostname="Akshata" failures="0" tests="1" name="tutorialsninja.register.TC_RF_008" time="5.851" errors="0" timestamp="2025-07-29T20:35:45 IST" skipped="0">
  <testcase classname="tutorialsninja.register.TC_RF_008" name="verifyRegisteringAccountByProvidingMismatchingPasswords" time="5.851"/>
</testsuite> <!-- tutorialsninja.register.TC_RF_008 -->
