<?xml version="1.0" encoding="UTF-8"?>
<!-- Generated by org.testng.reporters.JUnitReportReporter -->
<testsuite hostname="AkshataPotale" failures="0" tests="1" name="tutorialsninja.register.TC_RF_026" time="18.042" errors="0" timestamp="2025-08-19T19:03:55 IST" skipped="0">
  <testcase classname="tutorialsninja.register.TC_RF_026" name="verifyUIOfregisterAccountPage" time="18.042"/>
</testsuite> <!-- tutorialsninja.register.TC_RF_026 -->
