<?xml version="1.0" encoding="UTF-8"?>
<!-- Generated by org.testng.reporters.JUnitReportReporter -->
<testsuite hostname="AkshataPotale" failures="0" tests="1" name="tutorialsninja.register.TC_RF_011" time="10.692" errors="0" timestamp="2025-08-21T17:28:51 IST" skipped="0">
  <testcase classname="tutorialsninja.register.TC_RF_011" name="verifyRegisteringAccountUsingInvalidPhoneNumber" time="10.692"/>
</testsuite> <!-- tutorialsninja.register.TC_RF_011 -->
