<?xml version="1.0" encoding="UTF-8"?>
<!-- Generated by org.testng.reporters.JUnitReportReporter -->
<testsuite hostname="AkshataPotale" failures="0" tests="1" name="tutorialsninja.register.TC_RF_018" time="186.516" errors="0" timestamp="2025-08-19T17:45:55 IST" skipped="0">
  <testcase classname="tutorialsninja.register.TC_RF_018" name="veifyRegisteringAccountFieldsHeightWidthAllignment" time="186.516"/>
</testsuite> <!-- tutorialsninja.register.TC_RF_018 -->
