<?xml version="1.0" encoding="UTF-8"?>
<!-- Generated by org.testng.reporters.JUnitReportReporter -->
<testsuite hostname="Akshata" failures="0" tests="1" name="tutorialsninja.register.TC_RF_004" time="11.388" errors="0" timestamp="2025-07-25T22:43:27 IST" skipped="0">
  <testcase classname="tutorialsninja.register.TC_RF_004" name="verifyRegisteringAccountWithoutFillingDataInFields" time="11.388"/>
</testsuite> <!-- tutorialsninja.register.TC_RF_004 -->
