<?xml version="1.0" encoding="UTF-8"?>
<!-- Generated by org.testng.reporters.JUnitReportReporter -->
<testsuite hostname="AkshataPotale" failures="0" tests="1" name="tutorialsninja.register.Tc_RF_025" time="6.367" errors="0" timestamp="2025-08-07T12:00:44 IST" skipped="0">
  <testcase classname="tutorialsninja.register.Tc_RF_025" name="verifyBreadcrumbURLHeadingTitleOfRegisterAccountPage" time="6.367"/>
</testsuite> <!-- tutorialsninja.register.Tc_RF_025 -->
