<?xml version="1.0" encoding="UTF-8"?>
<!-- Generated by org.testng.reporters.JUnitReportReporter -->
<testsuite hostname="Akshata" failures="0" tests="1" name="tutorialsninja.register.TC_RF_005" time="5.076" errors="0" timestamp="2025-07-25T23:06:07 IST" skipped="0">
  <testcase classname="tutorialsninja.register.TC_RF_005" name="verifyRegisteringAccountBySelectingNewsLetterasYes" time="5.076"/>
</testsuite> <!-- tutorialsninja.register.TC_RF_005 -->
