<?xml version="1.0" encoding="UTF-8"?>
<!-- Generated by org.testng.reporters.JUnitReportReporter -->
<testsuite hostname="Akshata" failures="0" tests="1" name="tutorialsninja.register.TC_RF_010" time="8.243" errors="0" timestamp="2025-07-29T21:13:57 IST" skipped="0">
  <testcase classname="tutorialsninja.register.TC_RF_010" name="verifyRegisteringAccountUsingInvalidEmailAddress" time="8.243"/>
</testsuite> <!-- tutorialsninja.register.TC_RF_010 -->
