<?xml version="1.0" encoding="UTF-8"?>
<!-- Generated by org.testng.reporters.JUnitReportReporter -->
<testsuite hostname="AkshataPotale" failures="0" tests="1" name="tutorialsninja.register.TC_RF_024" time="7.361" errors="0" timestamp="2025-08-07T11:39:44 IST" skipped="0">
  <testcase classname="tutorialsninja.register.TC_RF_024" name="verifyRegisteringAccountWithoutEnteringPasswordIntoPasswordConfirmField" time="7.361"/>
</testsuite> <!-- tutorialsninja.register.TC_RF_024 -->
