<?xml version="1.0" encoding="UTF-8"?>
<!-- Generated by org.testng.reporters.JUnitReportReporter -->
<testsuite hostname="Akshata" failures="0" tests="1" name="tutorialsninja.register.TC_RF_016" time="6.426" errors="0" timestamp="2025-08-03T20:20:24 IST" skipped="0">
  <testcase classname="tutorialsninja.register.TC_RF_016" name="verifyingRegisteringWithOnlySpace" time="6.426"/>
</testsuite> <!-- tutorialsninja.register.TC_RF_016 -->
