<?xml version="1.0" encoding="UTF-8"?>
<!-- Generated by org.testng.reporters.JUnitReportReporter -->
<testsuite hostname="AkshataPotale" failures="0" tests="1" name="tutorialsninja.register.TC_RF_020" time="5.999" errors="0" timestamp="2025-08-04T10:44:01 IST" skipped="0">
  <testcase classname="tutorialsninja.register.TC_RF_020" name="verifyPrivacyPolicyFieldOnRegisterAccountPage" time="5.999"/>
</testsuite> <!-- tutorialsninja.register.TC_RF_020 -->
