<?xml version="1.0" encoding="UTF-8"?>
<!-- Generated by org.testng.reporters.JUnitReportReporter -->
<testsuite hostname="Akshata" failures="0" tests="1" name="tutorialsninja.register.TC_RF_003" time="100.117" errors="0" timestamp="2025-07-25T21:23:14 IST" skipped="0">
  <testcase classname="tutorialsninja.register.TC_RF_003" name="verifyRegisterAccountWithAllMandatoryFields" time="100.117"/>
</testsuite> <!-- tutorialsninja.register.TC_RF_003 -->
