<?xml version="1.0" encoding="UTF-8"?>
<!-- Generated by org.testng.reporters.JUnitReportReporter -->
<testsuite hostname="Akshata" failures="0" tests="1" name="tutorialsninja.register.TC_RF_006" time="10.843" errors="0" timestamp="2025-07-25T23:11:55 IST" skipped="0">
  <testcase classname="tutorialsninja.register.TC_RF_006" name="verifyRegisteringAccountBySubscribingToNewsLetter" time="10.843"/>
</testsuite> <!-- tutorialsninja.register.TC_RF_006 -->
