<?xml version="1.0" encoding="UTF-8"?>
<!-- Generated by org.testng.reporters.JUnitReportReporter -->
<testsuite hostname="AkshataPotale" failures="0" tests="3" name="tutorialsninja.register.TC_RF_027" time="24.371" errors="0" timestamp="2025-08-07T15:42:25 IST" skipped="0">
  <testcase classname="tutorialsninja.register.TC_RF_027" name="verifyRegisteringAccountInDifferentTestEnvironment" time="5.896"/>
  <testcase classname="tutorialsninja.register.TC_RF_027" name="verifyRegisteringAccountInDifferentTestEnvironment" time="11.955"/>
  <testcase classname="tutorialsninja.register.TC_RF_027" name="verifyRegisteringAccountInDifferentTestEnvironment" time="6.520"/>
</testsuite> <!-- tutorialsninja.register.TC_RF_027 -->
