<?xml version="1.0" encoding="UTF-8"?>
<!-- Generated by org.testng.reporters.JUnitReportReporter -->
<testsuite hostname="AkshataPotale" failures="0" tests="1" name="tutorialsninja.register.TC_RF_014" time="10.721" errors="0" timestamp="2025-07-30T17:37:06 IST" skipped="0">
  <testcase classname="tutorialsninja.register.TC_RF_014" name="verifyMandatoryFieldsSymbolAndColorInRegisterAccountPage" time="10.721"/>
</testsuite> <!-- tutorialsninja.register.TC_RF_014 -->
