<?xml version="1.0" encoding="UTF-8"?>
<!-- Generated by org.testng.reporters.JUnitReportReporter -->
<testsuite hostname="AkshataPotale" failures="0" tests="1" name="tutorialsninja.register.TC_RF_023" time="29.177" errors="0" timestamp="2025-08-07T11:25:48 IST" skipped="0">
  <testcase classname="tutorialsninja.register.TC_RF_023" name="verifyWorkingOfEveryLinkOnRegisterAccountPage" time="29.177"/>
</testsuite> <!-- tutorialsninja.register.TC_RF_023 -->
