<?xml version="1.0" encoding="UTF-8"?>
<!-- Generated by org.testng.reporters.JUnitReportReporter -->
<testsuite hostname="AkshataPotale" failures="0" tests="1" name="tutorialsninja.register.TC_RF_021" time="7.472" errors="0" timestamp="2025-08-06T17:48:45 IST" skipped="0">
  <testcase classname="tutorialsninja.register.TC_RF_021" name="verifyRegisteringAccountWithoutPrivacyPolicySelection" time="7.472"/>
</testsuite> <!-- tutorialsninja.register.TC_RF_021 -->
