<?xml version="1.0" encoding="UTF-8"?>
<!-- Generated by org.testng.reporters.JUnitReportReporter -->
<testsuite hostname="AkshataPotale" failures="0" tests="1" name="tutorialsninja.register.TC_RF_012" time="23.026" errors="0" timestamp="2025-07-30T15:47:57 IST" skipped="0">
  <testcase classname="tutorialsninja.register.TC_RF_012" name="verifyRegisteringAccountUsingKeyboardKeys" time="23.026"/>
</testsuite> <!-- tutorialsninja.register.TC_RF_012 -->
