<?xml version="1.0" encoding="UTF-8"?>
<!-- Generated by org.testng.reporters.JUnitReportReporter -->
<testsuite hostname="AkshataPotale" failures="0" tests="1" name="tutorialsninja.register.TC_RF_010" time="17.694" errors="0" timestamp="2025-08-08T12:00:37 IST" skipped="0">
  <testcase classname="tutorialsninja.register.TC_RF_010" name="verifyRegisteringAccountUsingInvalidEmailAddress" time="17.694"/>
</testsuite> <!-- tutorialsninja.register.TC_RF_010 -->
